 * Serving Flask app "app" (lazy loading)
 * Environment: production
   WARNING: This is a development server. Do not use it in a production deployment.
   Use a production WSGI server instead.
 * Debug mode: off
 * Running on http://0.0.0.0:3000/ (Press CTRL+C to quit)
 * Serving Flask app "app" (lazy loading)
 * Environment: production
   WARNING: This is a development server. Do not use it in a production deployment.
   Use a production WSGI server instead.
 * Debug mode: off
Traceback (most recent call last):
  File "/opt/anaconda3/lib/python3.8/socket.py", line 756, in getfqdn
    hostname, aliases, ipaddrs = gethostbyaddr(name)
socket.herror: [Errno 1] Unknown host

During handling of the above exception, another exception occurred:

Traceback (most recent call last):
  File "app.py", line 195, in <module>
    app.run(host="0.0.0.0", port=3000)
  File "/opt/anaconda3/lib/python3.8/site-packages/flask/app.py", line 990, in run
    run_simple(host, port, self, **options)
  File "/opt/anaconda3/lib/python3.8/site-packages/werkzeug/serving.py", line 1052, in run_simple
    inner()
  File "/opt/anaconda3/lib/python3.8/site-packages/werkzeug/serving.py", line 996, in inner
    srv = make_server(
  File "/opt/anaconda3/lib/python3.8/site-packages/werkzeug/serving.py", line 847, in make_server
    return ThreadedWSGIServer(
  File "/opt/anaconda3/lib/python3.8/site-packages/werkzeug/serving.py", line 740, in __init__
    HTTPServer.__init__(self, server_address, handler)
  File "/opt/anaconda3/lib/python3.8/socketserver.py", line 452, in __init__
    self.server_bind()
  File "/opt/anaconda3/lib/python3.8/http/server.py", line 140, in server_bind
    self.server_name = socket.getfqdn(host)
  File "/opt/anaconda3/lib/python3.8/socket.py", line 756, in getfqdn
    hostname, aliases, ipaddrs = gethostbyaddr(name)
KeyboardInterrupt
 * Serving Flask app "app" (lazy loading)
 * Environment: production
   WARNING: This is a development server. Do not use it in a production deployment.
   Use a production WSGI server instead.
 * Debug mode: off
 * Running on http://0.0.0.0:3000/ (Press CTRL+C to quit)
